This file contains any messages produced by compilers while
running configure, to aid debugging if configure makes a mistake.

It was created by ImageFusion configure 1.0.0, which was
generated by GNU Autoconf 2.69.  Invocation command line was

  $ ./configure 

## --------- ##
## Platform. ##
## --------- ##

hostname = b-VirtualBox
uname -m = x86_64
uname -r = 5.0.0-37-generic
uname -s = Linux
uname -v = #40~18.04.1-Ubuntu SMP Thu Nov 14 12:06:39 UTC 2019

/usr/bin/uname -p = unknown
/bin/uname -X     = unknown

/bin/arch              = unknown
/usr/bin/arch -k       = unknown
/usr/convex/getsysinfo = unknown
/usr/bin/hostinfo      = unknown
/bin/machine           = unknown
/usr/bin/oslevel       = unknown
/bin/universe          = unknown

PATH: /usr/local/sbin
PATH: /usr/local/bin
PATH: /usr/sbin
PATH: /usr/bin
PATH: /sbin
PATH: /bin
PATH: /usr/games
PATH: /usr/local/games
PATH: /snap/bin


## ----------- ##
## Core tests. ##
## ----------- ##

configure:1769: checking for gdal-config
configure:1787: found /usr/bin/gdal-config
configure:1800: result: /usr/bin/gdal-config
configure:1837: checking gdal-config usability
configure:1848: result: yes
configure:1868: GDAL: 2.2.3
configure:1876: checking GDAL version >= 2.0.1
configure:1883: result: yes
configure:1910: checking gdal: linking with --libs only
configure:1918: result: yes
configure:1950: checking GDAL: gdal-config data directory readable
configure:1953: result: yes
configure:1999: checking GDAL: /usr/share/gdal/2.2/pcs.csv readable
configure:2002: result: yes
configure:2024: pkg-config proj exists, will use it
configure:2039: PROJ version: 4.9.3
configure:2050: PROJ version < 6.0.0
configure:2090: proj CPP flags:   
configure:2123: checking PROJ header API:
configure:2132: result: proj_api.h
configure:2138: checking proj_api.h presence and usability
configure:2153: result: yes
configure:2174: checking PROJ version agreement
configure:2179: result: yes
configure:2188: checking PROJ version >= 4.8.0
configure:2195: result: yes
configure:2299: checking PROJ.4: epsg found and readable
configure:2306: result: yes
configure:2408: checking PROJ.4: conus found and readable
configure:2415: result: yes
configure:2515: Package CPP flags:  -I/usr/include/gdal -DR_PACKAGE
configure:2517: Package LIBS:  -L/usr/lib -lgdal -lproj
configure:2673: creating ./config.status

## ---------------------- ##
## Running config.status. ##
## ---------------------- ##

This file was extended by ImageFusion config.status 1.0.0, which was
generated by GNU Autoconf 2.69.  Invocation command line was

  CONFIG_FILES    = 
  CONFIG_HEADERS  = 
  CONFIG_LINKS    = 
  CONFIG_COMMANDS = 
  $ ./config.status 

on b-VirtualBox

config.status:718: creating src/Makevars

## ---------------- ##
## Cache variables. ##
## ---------------- ##

ac_cv_env_build_alias_set=
ac_cv_env_build_alias_value=
ac_cv_env_host_alias_set=
ac_cv_env_host_alias_value=
ac_cv_env_target_alias_set=
ac_cv_env_target_alias_value=
ac_cv_path_GDAL_CONFIG=/usr/bin/gdal-config

## ----------------- ##
## Output variables. ##
## ----------------- ##

DEFS='-DPACKAGE_NAME=\"ImageFusion\" -DPACKAGE_TARNAME=\"imagefusion\" -DPACKAGE_VERSION=\"1.0.0\" -DPACKAGE_STRING=\"ImageFusion\ 1.0.0\" -DPACKAGE_BUGREPORT=\"johannes.mast@gmx.de\" -DPACKAGE_URL=\"\"'
ECHO_C=''
ECHO_N='-n'
ECHO_T=''
GDAL_CONFIG='/usr/bin/gdal-config'
GDAL_DATADIR='/usr/share/gdal/2.2'
LIBOBJS=''
LIBS=' -lproj '
LTLIBOBJS=''
PACKAGE_BUGREPORT='johannes.mast@gmx.de'
PACKAGE_NAME='ImageFusion'
PACKAGE_STRING='ImageFusion 1.0.0'
PACKAGE_TARNAME='imagefusion'
PACKAGE_URL=''
PACKAGE_VERSION='1.0.0'
PATH_SEPARATOR=':'
PKG_CPPFLAGS=' -I/usr/include/gdal -DR_PACKAGE'
PKG_LIBS=' -L/usr/lib -lgdal -lproj'
R_HOME='/usr/lib/R'
SHELL='/bin/bash'
bindir='${exec_prefix}/bin'
build_alias=''
datadir='${datarootdir}'
datarootdir='${prefix}/share'
docdir='${datarootdir}/doc/${PACKAGE_TARNAME}'
dvidir='${docdir}'
exec_prefix='${prefix}'
host_alias=''
htmldir='${docdir}'
includedir='${prefix}/include'
infodir='${datarootdir}/info'
libdir='${exec_prefix}/lib'
libexecdir='${exec_prefix}/libexec'
localedir='${datarootdir}/locale'
localstatedir='${prefix}/var'
mandir='${datarootdir}/man'
oldincludedir='/usr/include'
pdfdir='${docdir}'
prefix='/usr/local'
program_transform_name='s,x,x,'
psdir='${docdir}'
runstatedir='${localstatedir}/run'
sbindir='${exec_prefix}/sbin'
sharedstatedir='${prefix}/com'
sysconfdir='${prefix}/etc'
target_alias=''

## ----------- ##
## confdefs.h. ##
## ----------- ##

/* confdefs.h */
#define PACKAGE_NAME "ImageFusion"
#define PACKAGE_TARNAME "imagefusion"
#define PACKAGE_VERSION "1.0.0"
#define PACKAGE_STRING "ImageFusion 1.0.0"
#define PACKAGE_BUGREPORT "johannes.mast@gmx.de"
#define PACKAGE_URL ""

configure: exit 0
